\BOOKMARK [0][-]{chapter.1}{\376\377\000\332\000v\000o\000d}{}% 1
\BOOKMARK [0][-]{chapter.2}{\376\377\000K\000o\000m\000b\000i\000n\000a\001\015\000n\000\355\000\040\000t\000e\000s\000t\000o\000v\000\341\000n\000\355}{}% 2
\BOOKMARK [1][-]{section.2.1}{\376\377\000D\000e\000f\000i\000n\000i\000c\000e\000\040\000z\000\341\000k\000l\000a\000d\000n\000\355\000c\000h\000\040\000p\000o\000j\000m\001\157}{chapter.2}% 3
\BOOKMARK [1][-]{section.2.2}{\376\377\000R\000o\000z\000k\000l\000a\000d\000\040\000v\000s\000t\000u\000p\000n\000\355\000\040\000d\000o\000m\000\351\000n\000y}{chapter.2}% 4
\BOOKMARK [1][-]{section.2.3}{\376\377\000K\000r\000i\000t\000\351\000r\000i\000u\000m\000\040\000p\000o\000k\000r\000y\000t\000\355}{chapter.2}% 5
\BOOKMARK [0][-]{chapter.3}{\376\377\000R\000o\000z\000h\000r\000a\000n\000\355\000\040\000p\000r\000o\000\040\000p\000r\000o\000g\000r\000a\000m\000o\000v\000\341\000n\000\355\000\040\000a\000p\000l\000i\000k\000a\000c\000\355}{}% 6
\BOOKMARK [1][-]{section.3.1}{\376\377\000W\000e\000b\000o\000v\000\351\000\040\000s\000l\000u\001\176\000b\000y}{chapter.3}% 7
\BOOKMARK [1][-]{section.3.2}{\376\377\000S\000i\000m\000p\000l\000e\000\040\000O\000b\000j\000e\000c\000t\000\040\000A\000c\000c\000e\000s\000s\000\040\000P\000r\000o\000t\000o\000c\000o\000l}{chapter.3}% 8
\BOOKMARK [1][-]{section.3.3}{\376\377\000R\000e\000p\000r\000e\000s\000e\000n\000t\000a\000t\000i\000o\000n\000a\000l\000\040\000S\000t\000a\000t\000e\000\040\000T\000r\000a\000n\000s\000f\000e\000r}{chapter.3}% 9
\BOOKMARK [1][-]{section.3.4}{\376\377\000H\000y\000p\000e\000r\000t\000e\000x\000t\000\040\000T\000r\000a\000n\000s\000f\000e\000r\000\040\000P\000r\000o\000t\000o\000c\000o\000l}{chapter.3}% 10
\BOOKMARK [0][-]{chapter.4}{\376\377\000N\000\341\000v\000r\000h\000\040\000n\000\341\000s\000t\000r\000o\000j\000e\000\040\000S\000u\000i\000t\000e\000r}{}% 11
\BOOKMARK [1][-]{section.4.1}{\376\377\000P\000o\001\176\000a\000d\000a\000v\000k\000y\000\040\000a\000p\000l\000i\000k\000a\000c\000e}{chapter.4}% 12
\BOOKMARK [1][-]{section.4.2}{\376\377\000A\000r\000c\000h\000i\000t\000e\000k\000t\000u\000r\000a\000\040\000n\000\341\000s\000t\000r\000o\000j\000e}{chapter.4}% 13
\BOOKMARK [0][-]{chapter.5}{\376\377\000I\000m\000p\000l\000e\000m\000e\000n\000t\000a\000c\000e\000\040\000n\000\341\000s\000t\000r\000o\000j\000e\000\040\000S\000u\000i\000t\000e\000r}{}% 14
\BOOKMARK [1][-]{section.5.1}{\376\377\000P\000o\000u\001\176\000i\000t\000\351\000\040\000t\000e\000c\000h\000n\000o\000l\000o\000g\000i\000e}{chapter.5}% 15
\BOOKMARK [1][-]{section.5.2}{\376\377\000I\000m\000p\000l\000e\000m\000e\000n\000t\000a\000c\000e\000\040\000v\000s\000t\000u\000p\000n\000\355\000h\000o\000\040\000r\000o\000z\000h\000r\000a\000n\000\355}{chapter.5}% 16
\BOOKMARK [1][-]{section.5.3}{\376\377\000Z\000p\001\157\000s\000o\000b\000\040\000o\000z\000n\000a\001\015\000e\000n\000\355\000\040\000p\000a\000r\000a\000m\000e\000t\000r\001\157}{chapter.5}% 17
\BOOKMARK [1][-]{section.5.4}{\376\377\000D\000a\000t\000o\000v\000\375\000\040\000t\000y\000p\000\040\000p\000a\000r\000a\000m\000e\000t\000r\001\157}{chapter.5}% 18
\BOOKMARK [1][-]{section.5.5}{\376\377\000V\000y\000u\001\176\000i\000t\000\355\000\040\000n\000\341\000s\000t\000r\000o\000j\000e\000\040\000C\000o\000m\000b\000i\000n\000e}{chapter.5}% 19
\BOOKMARK [1][-]{section.5.6}{\376\377\001\140\000a\000b\000l\000o\000n\000y\000\040\000p\000r\000o\000\040\000t\000v\000o\000r\000b\000u\000\040\000s\000k\000r\000i\000p\000t\001\157}{chapter.5}% 20
\BOOKMARK [1][-]{section.5.7}{\376\377\000T\000e\000s\000t\000o\000v\000\341\000n\000\355}{chapter.5}% 21
\BOOKMARK [0][-]{chapter.6}{\376\377\000Z\000\341\000v\001\033\000r}{}% 22
\BOOKMARK [0][-]{chapter*.35}{\376\377\000L\000i\000t\000e\000r\000a\000t\000u\000r\000a}{}% 23
\BOOKMARK [0][-]{appendix.A}{\376\377\000O\000b\000s\000a\000h\000\040\000p\001\131\000i\000l\000o\001\176\000e\000n\000\351\000h\000o\000\040\000m\000\351\000d\000i\000a}{}% 24
\BOOKMARK [0][-]{appendix.B}{\376\377\000P\001\131\000e\000h\000l\000e\000d\000\040\000n\000\341\000s\000t\000r\000o\000j\001\157\000\040\000p\000l\000a\000t\000f\000o\000r\000m\000y\000\040\000T\000e\000s\000t\000o\000s}{}% 25
\BOOKMARK [0][-]{appendix.C}{\376\377\000V\000s\000t\000u\000p\000n\000\355\000\040\000a\000\040\000k\000o\000n\000f\000i\000g\000u\000r\000a\001\015\000n\000\355\000\040\000s\000o\000u\000b\000o\000r\000y}{}% 26
\BOOKMARK [0][-]{appendix.D}{\376\377\001\140\000a\000b\000l\000o\000n\000a\000\040\000t\000e\000s\000t\000o\000v\000a\000c\000\355\000h\000o\000\040\000s\000k\000r\000i\000p\000t\000u\000\040\000p\000r\000o\000\040\000P\000y\000t\000h\000o\000n}{}% 27
\BOOKMARK [0][-]{appendix.E}{\376\377\000O\000b\000s\000a\000h\000\040\000t\001\033\000l\000a\000\040\000H\000T\000T\000P\000\040\000p\000o\001\176\000a\000d\000a\000v\000k\000u\000\040\000o\000d\000e\000s\000l\000a\000n\000\351\000h\000o\000\040\000n\000\341\000s\000t\000r\000o\000j\000i\000\040\000C\000o\000m\000b\000i\000n\000e}{}% 28
